<?xml version="1.0" encoding="UTF-8"?>
<testsuite xmlns:xsi="http://www.w3.org/2001/XMLSchema-instance" xsi:noNamespaceSchemaLocation="https://maven.apache.org/surefire/maven-surefire-plugin/xsd/surefire-test-report-3.0.xsd" version="3.0" name="runner.TestRunnerTest" time="9.133" tests="6" errors="0" skipped="0" failures="0">
  <properties>
[...]
</properties>
  <testcase name="Given user navigate to giftrete website" classname="Scenario: create a giftrete account" time="0.003"/>
  <testcase name="And the user click on the create an account tab" classname="Scenario: create a giftrete account" time="0"/>
  <testcase name="And the user fillin the register page" classname="Scenario: create a giftrete account" time="0"/>
  <testcase name="When the user click register tab" classname="Scenario: create a giftrete account" time="0"/>
  <testcase name="Then Account Activation By Code page should be displayed" classname="Scenario: create a giftrete account" time="0"/>
  <testcase name="" classname="Scenario: create a giftrete account" time="0.001"/>
</testsuite>